********************************************************************************
DUPLICATOR-LITE PACKAGE-LOG: 2017-03-29 11:52:33
NOTICE: Do NOT post to public sites or forums 
********************************************************************************
VERSION:	1.2.0
WORDPRESS:	4.7.3
PHP INFO:	7.1.1 | SAPI: apache2handler
SERVER:		Apache 
PHP TIME LIMIT: (0) no time limit imposed 
PHP MAX MEMORY: 2048M (128M default) 
MEMORY STACK: 6MB 

********************************************************************************
DATABASE:
********************************************************************************
BUILD MODE:   PHP(query limit - 100)
MYSQLTIMEOUT: 5000
MYSQLDUMP:    Not Supported 
TABLES: total:13 | filtered:0 | create:13 
FILTERED: [] 
SQL CREATED: 20170320_webdev_58db9ffb4f0214149170329115227_database.sql 
SQL FILE SIZE: 283.92KB (290738) 
SQL FILE TIME: 2017-03-29 11:52:33 
SQL RUNTIME: 0.13 sec. 

******************************************************************************** 
ARCHIVE (ZIP): 
******************************************************************************** 
ARCHIVE DIR:  /Users/iMacRoy/Dropbox (Catapult)/Webdev 
ARCHIVE FILE: 20170320_webdev_58db9ffb4f0214149170329115227_archive.zip 
FILTERS: *OFF* 
DIRS: not set 
EXTS:  not set 
---------------------------------------- 
COMPRESSING 
SIZE:	92.38MB 
STATS:	Dirs 1,102 | Files 6,961 
SQL ADDED: 20170320_webdev_58db9ffb4f0214149170329115227_database.sql 
ZipArchive Object
(
    [status] => 0
    [statusSys] => 0
    [numFiles] => 8063
    [filename] => /Users/iMacRoy/Dropbox (Catapult)/Webdev/wp-snapshots/tmp/20170320_webdev_58db9ffb4f0214149170329115227_archive.zip
    [comment] => 
)
 
COMPRESSION RESULT: '1' 
COMPRESSED SIZE: 43.24MB 
ARCHIVE RUNTIME: 24.73 sec. 
MEMORY STACK: 10MB 

******************************************************************************** 
MAKE INSTALLER: 
******************************************************************************** 
Build Start 
Build Finished 
Preping for use 
Template parsed with new data 
Complete [/Users/iMacRoy/Dropbox (Catapult)/Webdev/wp-snapshots/tmp/20170320_webdev_58db9ffb4f0214149170329115227_installer.php] 
Added to archive 

******************************************************************************** 
INTEGRITY CHECKS: 
******************************************************************************** 
SQL File: 283.92KB 
Installer File: 417.97KB 
Archive File: 43.24MB  

********************************************************************************
RECORD ID:[3]
TOTAL PROCESS RUNTIME: 25.81 sec.
PEAK PHP MEMORY USED: 10MB
DONE PROCESSING => 20170320_webdev 2017-03-29 11:52:59
 
